#
# There is insufficient memory for the Java Runtime Environment to continue.
# Native memory allocation (malloc) failed to allocate 437456 bytes for Chunk::new
# Possible reasons:
#   The system is out of physical RAM or swap space
#   The process is running with CompressedOops enabled, and the Java Heap may be blocking the growth of the native heap
# Possible solutions:
#   Reduce memory load on the system
#   Increase physical memory or swap space
#   Check if swap backing store is full
#   Decrease Java heap size (-Xmx/-Xms)
#   Decrease number of Java threads
#   Decrease Java thread stack sizes (-Xss)
#   Set larger code cache with -XX:ReservedCodeCacheSize=
#   JVM is running with Unscaled Compressed Oops mode in which the Java heap is
#     placed in the first 4GB address space. The Java Heap base address is the
#     maximum limit for the native heap growth. Please use -XX:HeapBaseMinAddress
#     to set the Java Heap base and to place the Java Heap above 4GB virtual address.
# This output file may be truncated or incomplete.
#
#  Out of Memory Error (arena.cpp:184), pid=20388, tid=16252
#
# JRE version: Java(TM) SE Runtime Environment (18.0.2.1+1) (build 18.0.2.1+1-1)
# Java VM: Java HotSpot(TM) 64-Bit Server VM (18.0.2.1+1-1, mixed mode, sharing, tiered, compressed oops, compressed class ptrs, g1 gc, windows-amd64)
# No core dump will be written. Minidumps are not enabled by default on client versions of Windows
#

---------------  S U M M A R Y ------------

Command Line: -Dclassworlds.conf=C:\Program Files\NetBeans-13\netbeans\java\maven\bin\m2.conf -Dmaven.home=C:\Program Files\NetBeans-13\netbeans\java\maven -Dlibrary.jansi.path=C:\Program Files\NetBeans-13\netbeans\java\maven\lib\jansi-native -Dmaven.multiModuleProjectDirectory=C:\Users\ADMIN\OneDrive\Documents\NetBeansProjects\Doca_Quang org.codehaus.plexus.classworlds.launcher.Launcher -Dnetbeans.deploy=true -Dexec.vmArgs= -Dexec.appArgs= -Dmaven.ext.class.path=C:\Program Files\NetBeans-13\netbeans\java\maven-nblib\netbeans-eventspy.jar package

Host: 11th Gen Intel(R) Core(TM) i5-11400H @ 2.70GHz, 12 cores, 7G,  Windows 11 , 64 bit Build 22621 (10.0.22621.2428)
Time: Wed Oct 25 18:59:00 2023 SE Asia Standard Time elapsed time: 0.915865 seconds (0d 0h 0m 0s)

---------------  T H R E A D  ---------------

Current thread (0x0000017f79101a90):  JavaThread "C2 CompilerThread2" daemon [_thread_in_native, id=16252, stack(0x00000057bbb00000,0x00000057bbc00000)]


Current CompileTask:
C2:    915 2150       4       java.lang.invoke.MethodType::makeImpl (109 bytes)

Stack: [0x00000057bbb00000,0x00000057bbc00000]
Native frames: (J=compiled Java code, j=interpreted, Vv=VM code, C=native code)
V  [jvm.dll+0x6993aa]
V  [jvm.dll+0x7f46dd]
V  [jvm.dll+0x7f5fee]
V  [jvm.dll+0x7f66a3]
V  [jvm.dll+0x25cf1f]
V  [jvm.dll+0xb8c2f]
V  [jvm.dll+0xb8fa5]
V  [jvm.dll+0x386091]
V  [jvm.dll+0x34fe71]
V  [jvm.dll+0x34f30a]
V  [jvm.dll+0x230101]
V  [jvm.dll+0x22f4d1]
V  [jvm.dll+0x1ba01c]
V  [jvm.dll+0x23ee0a]
V  [jvm.dll+0x23d0f5]
V  [jvm.dll+0x7a6dd1]
V  [jvm.dll+0x7a120a]
V  [jvm.dll+0x698255]
C  [ucrtbase.dll+0x29363]
C  [KERNEL32.DLL+0x1257d]
C  [ntdll.dll+0x5aa78]


---------------  P R O C E S S  ---------------

Threads class SMR info:
_java_thread_list=0x0000017f790814b0, length=14, elements={
0x0000017f543a1a60, 0x0000017f747d5be0, 0x0000017f747d6580, 0x0000017f747f23f0,
0x0000017f747f2ca0, 0x0000017f747f5650, 0x0000017f747f97b0, 0x0000017f747fc3b0,
0x0000017f747fd440, 0x0000017f747fdd30, 0x0000017f78cb8490, 0x0000017f78cb8fd0,
0x0000017f79101590, 0x0000017f79101a90
}

Java Threads: ( => current thread )
  0x0000017f543a1a60 JavaThread "main" [_thread_in_Java, id=19168, stack(0x00000057ba700000,0x00000057ba800000)]
  0x0000017f747d5be0 JavaThread "Reference Handler" daemon [_thread_blocked, id=5032, stack(0x00000057bae00000,0x00000057baf00000)]
  0x0000017f747d6580 JavaThread "Finalizer" daemon [_thread_blocked, id=19760, stack(0x00000057baf00000,0x00000057bb000000)]
  0x0000017f747f23f0 JavaThread "Signal Dispatcher" daemon [_thread_blocked, id=8160, stack(0x00000057bb000000,0x00000057bb100000)]
  0x0000017f747f2ca0 JavaThread "Attach Listener" daemon [_thread_blocked, id=16640, stack(0x00000057bb100000,0x00000057bb200000)]
  0x0000017f747f5650 JavaThread "Service Thread" daemon [_thread_blocked, id=22856, stack(0x00000057bb200000,0x00000057bb300000)]
  0x0000017f747f97b0 JavaThread "Monitor Deflation Thread" daemon [_thread_blocked, id=20112, stack(0x00000057bb300000,0x00000057bb400000)]
  0x0000017f747fc3b0 JavaThread "C2 CompilerThread0" daemon [_thread_blocked, id=24228, stack(0x00000057bb400000,0x00000057bb500000)]
  0x0000017f747fd440 JavaThread "C1 CompilerThread0" daemon [_thread_in_native, id=21812, stack(0x00000057bb500000,0x00000057bb600000)]
  0x0000017f747fdd30 JavaThread "Sweeper thread" daemon [_thread_blocked, id=23720, stack(0x00000057bb600000,0x00000057bb700000)]
  0x0000017f78cb8490 JavaThread "Notification Thread" daemon [_thread_blocked, id=9580, stack(0x00000057bb700000,0x00000057bb800000)]
  0x0000017f78cb8fd0 JavaThread "Common-Cleaner" daemon [_thread_blocked, id=23420, stack(0x00000057bb900000,0x00000057bba00000)]
  0x0000017f79101590 JavaThread "C2 CompilerThread1" daemon [_thread_blocked, id=6028, stack(0x00000057bba00000,0x00000057bbb00000)]
=>0x0000017f79101a90 JavaThread "C2 CompilerThread2" daemon [_thread_in_native, id=16252, stack(0x00000057bbb00000,0x00000057bbc00000)]

Other Threads:
  0x0000017f747d1f80 VMThread "VM Thread" [stack: 0x00000057bad00000,0x00000057bae00000] [id=3772]
  0x0000017f78cb8d60 WatcherThread "VM Periodic Task Thread" [stack: 0x00000057bb800000,0x00000057bb900000] [id=24108]
  0x0000017f544008e0 WorkerThread "GC Thread#0" [stack: 0x00000057ba800000,0x00000057ba900000] [id=12344]
  0x0000017f78cd7550 WorkerThread "GC Thread#1" [stack: 0x00000057bbc00000,0x00000057bbd00000] [id=13512]
  0x0000017f797488b0 WorkerThread "GC Thread#2" [stack: 0x00000057bbd00000,0x00000057bbe00000] [id=8992]
  0x0000017f799ab8b0 WorkerThread "GC Thread#3" [stack: 0x00000057bbe00000,0x00000057bbf00000] [id=23532]
  0x0000017f79918bb0 WorkerThread "GC Thread#4" [stack: 0x00000057bbf00000,0x00000057bc000000] [id=24088]
  0x0000017f79918e50 WorkerThread "GC Thread#5" [stack: 0x00000057bc000000,0x00000057bc100000] [id=16180]
  0x0000017f79ab1300 WorkerThread "GC Thread#6" [stack: 0x00000057bc100000,0x00000057bc200000] [id=1280]
  0x0000017f79a0bb80 WorkerThread "GC Thread#7" [stack: 0x00000057bc200000,0x00000057bc300000] [id=19332]
  0x0000017f79a0be20 WorkerThread "GC Thread#8" [stack: 0x00000057bc300000,0x00000057bc400000] [id=24240]
  0x0000017f79d61570 WorkerThread "GC Thread#9" [stack: 0x00000057bc400000,0x00000057bc500000] [id=23652]
  0x0000017f544110d0 ConcurrentGCThread "G1 Main Marker" [stack: 0x00000057ba900000,0x00000057baa00000] [id=20156]
  0x0000017f54411ac0 WorkerThread "G1 Conc#0" [stack: 0x00000057baa00000,0x00000057bab00000] [id=9588]
  0x0000017f7468c0d0 ConcurrentGCThread "G1 Refine#0" [stack: 0x00000057bab00000,0x00000057bac00000] [id=24296]
  0x0000017f7468c9e0 ConcurrentGCThread "G1 Service" [stack: 0x00000057bac00000,0x00000057bad00000] [id=18628]

Threads with active compile tasks:
C1 CompilerThread0      924 2171       3       java.util.concurrent.ConcurrentHashMap$EntryIterator::next (5 bytes)
C2 CompilerThread2      924 2150       4       java.lang.invoke.MethodType::makeImpl (109 bytes)

VM state: not at safepoint (normal execution)

VM Mutex/Monitor currently owned by a thread: None

Heap address: 0x0000000083a00000, size: 1990 MB, Compressed Oops mode: 32-bit

CDS archive(s) mapped at: [0x0000000800000000-0x0000000800ba0000-0x0000000800ba0000), size 12189696, SharedBaseAddress: 0x0000000800000000, ArchiveRelocationMode: 0.
Compressed class space mapped at: 0x0000000800c00000-0x0000000840c00000, reserved size: 1073741824
Narrow klass base: 0x0000000800000000, Narrow klass shift: 0, Narrow klass range: 0x100000000

GC Precious Log:
 CardTable entry size: 512
 Card Set container configuration: InlinePtr #cards 5 size 8 Array Of Cards #cards 12 size 40 Howl #buckets 4 coarsen threshold 1843 Howl Bitmap #cards 512 size 80 coarsen threshold 460 Card regions per heap region 1 cards per card region 2048
 CPUs: 12 total, 12 available
 Memory: 7955M
 Large Page Support: Disabled
 NUMA Support: Disabled
 Compressed Oops: Enabled (32-bit)
 Heap Region Size: 1M
 Heap Min Capacity: 8M
 Heap Initial Capacity: 126M
 Heap Max Capacity: 1990M
 Pre-touch: Disabled
 Parallel Workers: 10
 Concurrent Workers: 3
 Concurrent Refinement Workers: 10
 Periodic GC: Disabled

Heap:
 garbage-first heap   total 129024K, used 7211K [0x0000000083a00000, 0x0000000100000000)
  region size 1024K, 5 young (5120K), 3 survivors (3072K)
 Metaspace       used 10783K, committed 11008K, reserved 1114112K
  class space    used 1284K, committed 1408K, reserved 1048576K

Heap Regions: E=young(eden), S=young(survivor), O=old, HS=humongous(starts), HC=humongous(continues), CS=collection set, F=free, OA=open archive, CA=closed archive, TAMS=top-at-mark-start (previous, next)
|   0|0x0000000083a00000, 0x0000000083b00000, 0x0000000083b00000|100%| O|  |TAMS 0x0000000083a00000, 0x0000000083a00000| Untracked 
|   1|0x0000000083b00000, 0x0000000083c00000, 0x0000000083c00000|100%| O|  |TAMS 0x0000000083b00000, 0x0000000083b00000| Untracked 
|   2|0x0000000083c00000, 0x0000000083d00000, 0x0000000083d00000|100%| O|  |TAMS 0x0000000083c00000, 0x0000000083c00000| Untracked 
|   3|0x0000000083d00000, 0x0000000083d5c400, 0x0000000083e00000| 36%| O|  |TAMS 0x0000000083d00000, 0x0000000083d00000| Untracked 
|   4|0x0000000083e00000, 0x0000000083e00000, 0x0000000083f00000|  0%| F|  |TAMS 0x0000000083e00000, 0x0000000083e00000| Untracked 
|   5|0x0000000083f00000, 0x0000000083f00000, 0x0000000084000000|  0%| F|  |TAMS 0x0000000083f00000, 0x0000000083f00000| Untracked 
|   6|0x0000000084000000, 0x0000000084000000, 0x0000000084100000|  0%| F|  |TAMS 0x0000000084000000, 0x0000000084000000| Untracked 
|   7|0x0000000084100000, 0x0000000084100000, 0x0000000084200000|  0%| F|  |TAMS 0x0000000084100000, 0x0000000084100000| Untracked 
|   8|0x0000000084200000, 0x0000000084200000, 0x0000000084300000|  0%| F|  |TAMS 0x0000000084200000, 0x0000000084200000| Untracked 
|   9|0x0000000084300000, 0x0000000084300000, 0x0000000084400000|  0%| F|  |TAMS 0x0000000084300000, 0x0000000084300000| Untracked 
|  10|0x0000000084400000, 0x0000000084400000, 0x0000000084500000|  0%| F|  |TAMS 0x0000000084400000, 0x0000000084400000| Untracked 
|  11|0x0000000084500000, 0x0000000084500000, 0x0000000084600000|  0%| F|  |TAMS 0x0000000084500000, 0x0000000084500000| Untracked 
|  12|0x0000000084600000, 0x0000000084600000, 0x0000000084700000|  0%| F|  |TAMS 0x0000000084600000, 0x0000000084600000| Untracked 
|  13|0x0000000084700000, 0x0000000084700000, 0x0000000084800000|  0%| F|  |TAMS 0x0000000084700000, 0x0000000084700000| Untracked 
|  14|0x0000000084800000, 0x0000000084800000, 0x0000000084900000|  0%| F|  |TAMS 0x0000000084800000, 0x0000000084800000| Untracked 
|  15|0x0000000084900000, 0x0000000084900000, 0x0000000084a00000|  0%| F|  |TAMS 0x0000000084900000, 0x0000000084900000| Untracked 
|  16|0x0000000084a00000, 0x0000000084a00000, 0x0000000084b00000|  0%| F|  |TAMS 0x0000000084a00000, 0x0000000084a00000| Untracked 
|  17|0x0000000084b00000, 0x0000000084b00000, 0x0000000084c00000|  0%| F|  |TAMS 0x0000000084b00000, 0x0000000084b00000| Untracked 
|  18|0x0000000084c00000, 0x0000000084c00000, 0x0000000084d00000|  0%| F|  |TAMS 0x0000000084c00000, 0x0000000084c00000| Untracked 
|  19|0x0000000084d00000, 0x0000000084d00000, 0x0000000084e00000|  0%| F|  |TAMS 0x0000000084d00000, 0x0000000084d00000| Untracked 
|  20|0x0000000084e00000, 0x0000000084e00000, 0x0000000084f00000|  0%| F|  |TAMS 0x0000000084e00000, 0x0000000084e00000| Untracked 
|  21|0x0000000084f00000, 0x0000000084f00000, 0x0000000085000000|  0%| F|  |TAMS 0x0000000084f00000, 0x0000000084f00000| Untracked 
|  22|0x0000000085000000, 0x0000000085000000, 0x0000000085100000|  0%| F|  |TAMS 0x0000000085000000, 0x0000000085000000| Untracked 
|  23|0x0000000085100000, 0x0000000085100000, 0x0000000085200000|  0%| F|  |TAMS 0x0000000085100000, 0x0000000085100000| Untracked 
|  24|0x0000000085200000, 0x0000000085200000, 0x0000000085300000|  0%| F|  |TAMS 0x0000000085200000, 0x0000000085200000| Untracked 
|  25|0x0000000085300000, 0x0000000085300000, 0x0000000085400000|  0%| F|  |TAMS 0x0000000085300000, 0x0000000085300000| Untracked 
|  26|0x0000000085400000, 0x0000000085400000, 0x0000000085500000|  0%| F|  |TAMS 0x0000000085400000, 0x0000000085400000| Untracked 
|  27|0x0000000085500000, 0x0000000085500000, 0x0000000085600000|  0%| F|  |TAMS 0x0000000085500000, 0x0000000085500000| Untracked 
|  28|0x0000000085600000, 0x0000000085600000, 0x0000000085700000|  0%| F|  |TAMS 0x0000000085600000, 0x0000000085600000| Untracked 
|  29|0x0000000085700000, 0x0000000085700000, 0x0000000085800000|  0%| F|  |TAMS 0x0000000085700000, 0x0000000085700000| Untracked 
|  30|0x0000000085800000, 0x0000000085800000, 0x0000000085900000|  0%| F|  |TAMS 0x0000000085800000, 0x0000000085800000| Untracked 
|  31|0x0000000085900000, 0x0000000085900000, 0x0000000085a00000|  0%| F|  |TAMS 0x0000000085900000, 0x0000000085900000| Untracked 
|  32|0x0000000085a00000, 0x0000000085a00000, 0x0000000085b00000|  0%| F|  |TAMS 0x0000000085a00000, 0x0000000085a00000| Untracked 
|  33|0x0000000085b00000, 0x0000000085b00000, 0x0000000085c00000|  0%| F|  |TAMS 0x0000000085b00000, 0x0000000085b00000| Untracked 
|  34|0x0000000085c00000, 0x0000000085c00000, 0x0000000085d00000|  0%| F|  |TAMS 0x0000000085c00000, 0x0000000085c00000| Untracked 
|  35|0x0000000085d00000, 0x0000000085d00000, 0x0000000085e00000|  0%| F|  |TAMS 0x0000000085d00000, 0x0000000085d00000| Untracked 
|  36|0x0000000085e00000, 0x0000000085e00000, 0x0000000085f00000|  0%| F|  |TAMS 0x0000000085e00000, 0x0000000085e00000| Untracked 
|  37|0x0000000085f00000, 0x0000000085f00000, 0x0000000086000000|  0%| F|  |TAMS 0x0000000085f00000, 0x0000000085f00000| Untracked 
|  38|0x0000000086000000, 0x0000000086000000, 0x0000000086100000|  0%| F|  |TAMS 0x0000000086000000, 0x0000000086000000| Untracked 
|  39|0x0000000086100000, 0x0000000086100000, 0x0000000086200000|  0%| F|  |TAMS 0x0000000086100000, 0x0000000086100000| Untracked 
|  40|0x0000000086200000, 0x0000000086200000, 0x0000000086300000|  0%| F|  |TAMS 0x0000000086200000, 0x0000000086200000| Untracked 
|  41|0x0000000086300000, 0x0000000086300000, 0x0000000086400000|  0%| F|  |TAMS 0x0000000086300000, 0x0000000086300000| Untracked 
|  42|0x0000000086400000, 0x0000000086400000, 0x0000000086500000|  0%| F|  |TAMS 0x0000000086400000, 0x0000000086400000| Untracked 
|  43|0x0000000086500000, 0x0000000086500000, 0x0000000086600000|  0%| F|  |TAMS 0x0000000086500000, 0x0000000086500000| Untracked 
|  44|0x0000000086600000, 0x0000000086600000, 0x0000000086700000|  0%| F|  |TAMS 0x0000000086600000, 0x0000000086600000| Untracked 
|  45|0x0000000086700000, 0x0000000086700000, 0x0000000086800000|  0%| F|  |TAMS 0x0000000086700000, 0x0000000086700000| Untracked 
|  46|0x0000000086800000, 0x0000000086800000, 0x0000000086900000|  0%| F|  |TAMS 0x0000000086800000, 0x0000000086800000| Untracked 
|  47|0x0000000086900000, 0x0000000086900000, 0x0000000086a00000|  0%| F|  |TAMS 0x0000000086900000, 0x0000000086900000| Untracked 
|  48|0x0000000086a00000, 0x0000000086a00000, 0x0000000086b00000|  0%| F|  |TAMS 0x0000000086a00000, 0x0000000086a00000| Untracked 
|  49|0x0000000086b00000, 0x0000000086b00000, 0x0000000086c00000|  0%| F|  |TAMS 0x0000000086b00000, 0x0000000086b00000| Untracked 
|  50|0x0000000086c00000, 0x0000000086c00000, 0x0000000086d00000|  0%| F|  |TAMS 0x0000000086c00000, 0x0000000086c00000| Untracked 
|  51|0x0000000086d00000, 0x0000000086d00000, 0x0000000086e00000|  0%| F|  |TAMS 0x0000000086d00000, 0x0000000086d00000| Untracked 
|  52|0x0000000086e00000, 0x0000000086e00000, 0x0000000086f00000|  0%| F|  |TAMS 0x0000000086e00000, 0x0000000086e00000| Untracked 
|  53|0x0000000086f00000, 0x0000000086f00000, 0x0000000087000000|  0%| F|  |TAMS 0x0000000086f00000, 0x0000000086f00000| Untracked 
|  54|0x0000000087000000, 0x0000000087000000, 0x0000000087100000|  0%| F|  |TAMS 0x0000000087000000, 0x0000000087000000| Untracked 
|  55|0x0000000087100000, 0x0000000087100000, 0x0000000087200000|  0%| F|  |TAMS 0x0000000087100000, 0x0000000087100000| Untracked 
|  56|0x0000000087200000, 0x0000000087200000, 0x0000000087300000|  0%| F|  |TAMS 0x0000000087200000, 0x0000000087200000| Untracked 
|  57|0x0000000087300000, 0x0000000087300000, 0x0000000087400000|  0%| F|  |TAMS 0x0000000087300000, 0x0000000087300000| Untracked 
|  58|0x0000000087400000, 0x0000000087400000, 0x0000000087500000|  0%| F|  |TAMS 0x0000000087400000, 0x0000000087400000| Untracked 
|  59|0x0000000087500000, 0x0000000087500000, 0x0000000087600000|  0%| F|  |TAMS 0x0000000087500000, 0x0000000087500000| Untracked 
|  60|0x0000000087600000, 0x0000000087600000, 0x0000000087700000|  0%| F|  |TAMS 0x0000000087600000, 0x0000000087600000| Untracked 
|  61|0x0000000087700000, 0x0000000087700000, 0x0000000087800000|  0%| F|  |TAMS 0x0000000087700000, 0x0000000087700000| Untracked 
|  62|0x0000000087800000, 0x0000000087800000, 0x0000000087900000|  0%| F|  |TAMS 0x0000000087800000, 0x0000000087800000| Untracked 
|  63|0x0000000087900000, 0x0000000087900000, 0x0000000087a00000|  0%| F|  |TAMS 0x0000000087900000, 0x0000000087900000| Untracked 
|  64|0x0000000087a00000, 0x0000000087a00000, 0x0000000087b00000|  0%| F|  |TAMS 0x0000000087a00000, 0x0000000087a00000| Untracked 
|  65|0x0000000087b00000, 0x0000000087b00000, 0x0000000087c00000|  0%| F|  |TAMS 0x0000000087b00000, 0x0000000087b00000| Untracked 
|  66|0x0000000087c00000, 0x0000000087c00000, 0x0000000087d00000|  0%| F|  |TAMS 0x0000000087c00000, 0x0000000087c00000| Untracked 
|  67|0x0000000087d00000, 0x0000000087d00000, 0x0000000087e00000|  0%| F|  |TAMS 0x0000000087d00000, 0x0000000087d00000| Untracked 
|  68|0x0000000087e00000, 0x0000000087e00000, 0x0000000087f00000|  0%| F|  |TAMS 0x0000000087e00000, 0x0000000087e00000| Untracked 
|  69|0x0000000087f00000, 0x0000000087f00000, 0x0000000088000000|  0%| F|  |TAMS 0x0000000087f00000, 0x0000000087f00000| Untracked 
|  70|0x0000000088000000, 0x0000000088000000, 0x0000000088100000|  0%| F|  |TAMS 0x0000000088000000, 0x0000000088000000| Untracked 
|  71|0x0000000088100000, 0x0000000088100000, 0x0000000088200000|  0%| F|  |TAMS 0x0000000088100000, 0x0000000088100000| Untracked 
|  72|0x0000000088200000, 0x0000000088200000, 0x0000000088300000|  0%| F|  |TAMS 0x0000000088200000, 0x0000000088200000| Untracked 
|  73|0x0000000088300000, 0x0000000088300000, 0x0000000088400000|  0%| F|  |TAMS 0x0000000088300000, 0x0000000088300000| Untracked 
|  74|0x0000000088400000, 0x0000000088400000, 0x0000000088500000|  0%| F|  |TAMS 0x0000000088400000, 0x0000000088400000| Untracked 
|  75|0x0000000088500000, 0x0000000088500000, 0x0000000088600000|  0%| F|  |TAMS 0x0000000088500000, 0x0000000088500000| Untracked 
|  76|0x0000000088600000, 0x0000000088600000, 0x0000000088700000|  0%| F|  |TAMS 0x0000000088600000, 0x0000000088600000| Untracked 
|  77|0x0000000088700000, 0x0000000088700000, 0x0000000088800000|  0%| F|  |TAMS 0x0000000088700000, 0x0000000088700000| Untracked 
|  78|0x0000000088800000, 0x0000000088800000, 0x0000000088900000|  0%| F|  |TAMS 0x0000000088800000, 0x0000000088800000| Untracked 
|  79|0x0000000088900000, 0x0000000088900000, 0x0000000088a00000|  0%| F|  |TAMS 0x0000000088900000, 0x0000000088900000| Untracked 
|  80|0x0000000088a00000, 0x0000000088a00000, 0x0000000088b00000|  0%| F|  |TAMS 0x0000000088a00000, 0x0000000088a00000| Untracked 
|  81|0x0000000088b00000, 0x0000000088b00000, 0x0000000088c00000|  0%| F|  |TAMS 0x0000000088b00000, 0x0000000088b00000| Untracked 
|  82|0x0000000088c00000, 0x0000000088c00000, 0x0000000088d00000|  0%| F|  |TAMS 0x0000000088c00000, 0x0000000088c00000| Untracked 
|  83|0x0000000088d00000, 0x0000000088d00000, 0x0000000088e00000|  0%| F|  |TAMS 0x0000000088d00000, 0x0000000088d00000| Untracked 
|  84|0x0000000088e00000, 0x0000000088e00000, 0x0000000088f00000|  0%| F|  |TAMS 0x0000000088e00000, 0x0000000088e00000| Untracked 
|  85|0x0000000088f00000, 0x0000000088f00000, 0x0000000089000000|  0%| F|  |TAMS 0x0000000088f00000, 0x0000000088f00000| Untracked 
|  86|0x0000000089000000, 0x0000000089000000, 0x0000000089100000|  0%| F|  |TAMS 0x0000000089000000, 0x0000000089000000| Untracked 
|  87|0x0000000089100000, 0x0000000089100000, 0x0000000089200000|  0%| F|  |TAMS 0x0000000089100000, 0x0000000089100000| Untracked 
|  88|0x0000000089200000, 0x00000000892aeb20, 0x0000000089300000| 68%| S|CS|TAMS 0x0000000089200000, 0x0000000089200000| Complete 
|  89|0x0000000089300000, 0x0000000089400000, 0x0000000089400000|100%| S|CS|TAMS 0x0000000089300000, 0x0000000089300000| Complete 
|  90|0x0000000089400000, 0x0000000089500000, 0x0000000089500000|100%| S|CS|TAMS 0x0000000089400000, 0x0000000089400000| Complete 
|  91|0x0000000089500000, 0x0000000089500000, 0x0000000089600000|  0%| F|  |TAMS 0x0000000089500000, 0x0000000089500000| Untracked 
|  92|0x0000000089600000, 0x0000000089600000, 0x0000000089700000|  0%| F|  |TAMS 0x0000000089600000, 0x0000000089600000| Untracked 
|  93|0x0000000089700000, 0x0000000089700000, 0x0000000089800000|  0%| F|  |TAMS 0x0000000089700000, 0x0000000089700000| Untracked 
|  94|0x0000000089800000, 0x0000000089800000, 0x0000000089900000|  0%| F|  |TAMS 0x0000000089800000, 0x0000000089800000| Untracked 
|  95|0x0000000089900000, 0x0000000089900000, 0x0000000089a00000|  0%| F|  |TAMS 0x0000000089900000, 0x0000000089900000| Untracked 
|  96|0x0000000089a00000, 0x0000000089a00000, 0x0000000089b00000|  0%| F|  |TAMS 0x0000000089a00000, 0x0000000089a00000| Untracked 
|  97|0x0000000089b00000, 0x0000000089b00000, 0x0000000089c00000|  0%| F|  |TAMS 0x0000000089b00000, 0x0000000089b00000| Untracked 
|  98|0x0000000089c00000, 0x0000000089c00000, 0x0000000089d00000|  0%| F|  |TAMS 0x0000000089c00000, 0x0000000089c00000| Untracked 
|  99|0x0000000089d00000, 0x0000000089d00000, 0x0000000089e00000|  0%| F|  |TAMS 0x0000000089d00000, 0x0000000089d00000| Untracked 
| 100|0x0000000089e00000, 0x0000000089e00000, 0x0000000089f00000|  0%| F|  |TAMS 0x0000000089e00000, 0x0000000089e00000| Untracked 
| 101|0x0000000089f00000, 0x0000000089f00000, 0x000000008a000000|  0%| F|  |TAMS 0x0000000089f00000, 0x0000000089f00000| Untracked 
| 102|0x000000008a000000, 0x000000008a000000, 0x000000008a100000|  0%| F|  |TAMS 0x000000008a000000, 0x000000008a000000| Untracked 
| 103|0x000000008a100000, 0x000000008a100000, 0x000000008a200000|  0%| F|  |TAMS 0x000000008a100000, 0x000000008a100000| Untracked 
| 104|0x000000008a200000, 0x000000008a200000, 0x000000008a300000|  0%| F|  |TAMS 0x000000008a200000, 0x000000008a200000| Untracked 
| 105|0x000000008a300000, 0x000000008a300000, 0x000000008a400000|  0%| F|  |TAMS 0x000000008a300000, 0x000000008a300000| Untracked 
| 106|0x000000008a400000, 0x000000008a400000, 0x000000008a500000|  0%| F|  |TAMS 0x000000008a400000, 0x000000008a400000| Untracked 
| 107|0x000000008a500000, 0x000000008a500000, 0x000000008a600000|  0%| F|  |TAMS 0x000000008a500000, 0x000000008a500000| Untracked 
| 108|0x000000008a600000, 0x000000008a600000, 0x000000008a700000|  0%| F|  |TAMS 0x000000008a600000, 0x000000008a600000| Untracked 
| 109|0x000000008a700000, 0x000000008a700000, 0x000000008a800000|  0%| F|  |TAMS 0x000000008a700000, 0x000000008a700000| Untracked 
| 110|0x000000008a800000, 0x000000008a800000, 0x000000008a900000|  0%| F|  |TAMS 0x000000008a800000, 0x000000008a800000| Untracked 
| 111|0x000000008a900000, 0x000000008a900000, 0x000000008aa00000|  0%| F|  |TAMS 0x000000008a900000, 0x000000008a900000| Untracked 
| 112|0x000000008aa00000, 0x000000008aa00000, 0x000000008ab00000|  0%| F|  |TAMS 0x000000008aa00000, 0x000000008aa00000| Untracked 
| 113|0x000000008ab00000, 0x000000008ab00000, 0x000000008ac00000|  0%| F|  |TAMS 0x000000008ab00000, 0x000000008ab00000| Untracked 
| 114|0x000000008ac00000, 0x000000008ac00000, 0x000000008ad00000|  0%| F|  |TAMS 0x000000008ac00000, 0x000000008ac00000| Untracked 
| 115|0x000000008ad00000, 0x000000008ad00000, 0x000000008ae00000|  0%| F|  |TAMS 0x000000008ad00000, 0x000000008ad00000| Untracked 
| 116|0x000000008ae00000, 0x000000008ae00000, 0x000000008af00000|  0%| F|  |TAMS 0x000000008ae00000, 0x000000008ae00000| Untracked 
| 117|0x000000008af00000, 0x000000008af00000, 0x000000008b000000|  0%| F|  |TAMS 0x000000008af00000, 0x000000008af00000| Untracked 
| 118|0x000000008b000000, 0x000000008b000000, 0x000000008b100000|  0%| F|  |TAMS 0x000000008b000000, 0x000000008b000000| Untracked 
| 119|0x000000008b100000, 0x000000008b100000, 0x000000008b200000|  0%| F|  |TAMS 0x000000008b100000, 0x000000008b100000| Untracked 
| 120|0x000000008b200000, 0x000000008b200000, 0x000000008b300000|  0%| F|  |TAMS 0x000000008b200000, 0x000000008b200000| Untracked 
| 121|0x000000008b300000, 0x000000008b300000, 0x000000008b400000|  0%| F|  |TAMS 0x000000008b300000, 0x000000008b300000| Untracked 
| 122|0x000000008b400000, 0x000000008b400000, 0x000000008b500000|  0%| F|  |TAMS 0x000000008b400000, 0x000000008b400000| Untracked 
| 123|0x000000008b500000, 0x000000008b500000, 0x000000008b600000|  0%| F|  |TAMS 0x000000008b500000, 0x000000008b500000| Untracked 
| 124|0x000000008b600000, 0x000000008b680800, 0x000000008b700000| 50%| E|  |TAMS 0x000000008b600000, 0x000000008b600000| Complete 
| 125|0x000000008b700000, 0x000000008b800000, 0x000000008b800000|100%| E|CS|TAMS 0x000000008b700000, 0x000000008b700000| Complete 

Card table byte_map: [0x0000017f6d520000,0x0000017f6d910000] _byte_map_base: 0x0000017f6d103000

Marking Bits (Prev, Next): (CMBitMap*) 0x0000017f54400ee0, (CMBitMap*) 0x0000017f54400f20
 Prev Bits: [0x0000017f6dd00000, 0x0000017f6fc18000)
 Next Bits: [0x0000017f6fc20000, 0x0000017f71b38000)

Polling page: 0x0000017f54460000

Metaspace:

Usage:
  Non-class:      9.30 MB used.
      Class:      1.26 MB used.
       Both:     10.56 MB used.

Virtual space:
  Non-class space:       64.00 MB reserved,       9.38 MB ( 15%) committed,  1 nodes.
      Class space:        1.00 GB reserved,       1.38 MB ( <1%) committed,  1 nodes.
             Both:        1.06 GB reserved,      10.75 MB ( <1%) committed. 

Chunk freelists:
   Non-Class:  1.05 MB
       Class:  2.61 MB
        Both:  3.66 MB

MaxMetaspaceSize: unlimited
CompressedClassSpaceSize: 1.00 GB
Initial GC threshold: 21.00 MB
Current GC threshold: 21.00 MB
CDS: on
MetaspaceReclaimPolicy: balanced
 - commit_granule_bytes: 65536.
 - commit_granule_words: 8192.
 - virtual_space_node_default_size: 8388608.
 - enlarge_chunks_in_place: 1.
 - new_chunks_are_fully_committed: 0.
 - uncommit_free_chunks: 1.
 - use_allocation_guard: 0.


Internal statistics:

num_allocs_failed_limit: 0.
num_arena_births: 212.
num_arena_deaths: 0.
num_vsnodes_births: 2.
num_vsnodes_deaths: 0.
num_space_committed: 174.
num_space_uncommitted: 0.
num_chunks_returned_to_freelist: 0.
num_chunks_taken_from_freelist: 569.
num_chunk_merges: 0.
num_chunk_splits: 410.
num_chunks_enlarged: 308.
num_inconsistent_stats: 0.

CodeHeap 'non-profiled nmethods': size=120000Kb used=802Kb max_used=802Kb free=119197Kb
 bounds [0x0000017f64f70000, 0x0000017f651e0000, 0x0000017f6c4a0000]
CodeHeap 'profiled nmethods': size=120000Kb used=4229Kb max_used=4229Kb free=115771Kb
 bounds [0x0000017f5da40000, 0x0000017f5de70000, 0x0000017f64f70000]
CodeHeap 'non-nmethods': size=5760Kb used=1185Kb max_used=1216Kb free=4574Kb
 bounds [0x0000017f5d4a0000, 0x0000017f5d710000, 0x0000017f5da40000]
 total_blobs=2624 nmethods=2173 adapters=363
 compilation: enabled
              stopped_count=0, restarted_count=0
 full_count=0

Compilation events (20 events):
Event: 0.894 Thread 0x0000017f747fd440 nmethod 2132 0x0000017f65036b10 code [0x0000017f65036ca0, 0x0000017f65036d78]
Event: 0.894 Thread 0x0000017f747fd440 2149       1       java.lang.reflect.Constructor::getConstructorAccessor (5 bytes)
Event: 0.894 Thread 0x0000017f747fd440 nmethod 2149 0x0000017f65036e10 code [0x0000017f65036fa0, 0x0000017f65037078]
Event: 0.902 Thread 0x0000017f747fd440 2155       3       java.lang.ref.Reference::enqueueFromPending (19 bytes)
Event: 0.902 Thread 0x0000017f747fd440 nmethod 2155 0x0000017f5de53a10 code [0x0000017f5de53bc0, 0x0000017f5de53de8]
Event: 0.902 Thread 0x0000017f747fd440 2158   !   3       java.util.concurrent.ConcurrentHashMap::replaceNode (437 bytes)
Event: 0.903 Thread 0x0000017f747fd440 nmethod 2158 0x0000017f5de53e90 code [0x0000017f5de541e0, 0x0000017f5de55ad8]
Event: 0.904 Thread 0x0000017f747fd440 2159       3       java.lang.String::startsWith (138 bytes)
Event: 0.905 Thread 0x0000017f747fd440 nmethod 2159 0x0000017f5de56810 code [0x0000017f5de56a20, 0x0000017f5de572b8]
Event: 0.905 Thread 0x0000017f747fd440 2157       3       java.lang.ref.ReferenceQueue::reallyPoll (65 bytes)
Event: 0.905 Thread 0x0000017f747fd440 nmethod 2157 0x0000017f5de57590 code [0x0000017f5de57760, 0x0000017f5de57c98]
Event: 0.905 Thread 0x0000017f747fd440 2156   !   3       java.lang.ref.ReferenceQueue::enqueue (119 bytes)
Event: 0.905 Thread 0x0000017f747fd440 nmethod 2156 0x0000017f5de57d90 code [0x0000017f5de57f80, 0x0000017f5de58648]
Event: 0.908 Thread 0x0000017f79101590 nmethod 2153 0x0000017f65037510 code [0x0000017f650376e0, 0x0000017f65038028]
Event: 0.910 Thread 0x0000017f747fd440 2160       3       java.lang.String::toCharArray (25 bytes)
Event: 0.911 Thread 0x0000017f747fd440 nmethod 2160 0x0000017f5de58810 code [0x0000017f5de589e0, 0x0000017f5de58c78]
Event: 0.911 Thread 0x0000017f747fd440 2162       3       java.lang.StringUTF16::getChars (42 bytes)
Event: 0.911 Thread 0x0000017f747fd440 nmethod 2162 0x0000017f5de58d90 code [0x0000017f5de58f60, 0x0000017f5de593e8]
Event: 0.911 Thread 0x0000017f747fd440 2161       3       java.lang.StringLatin1::toChars (16 bytes)
Event: 0.911 Thread 0x0000017f747fd440 nmethod 2161 0x0000017f5de59690 code [0x0000017f5de59840, 0x0000017f5de59a28]

GC Heap History (4 events):
Event: 0.422 GC heap before
{Heap before GC invocations=0 (full 0):
 garbage-first heap   total 129024K, used 22528K [0x0000000083a00000, 0x0000000100000000)
  region size 1024K, 23 young (23552K), 0 survivors (0K)
 Metaspace       used 4916K, committed 5056K, reserved 1114112K
  class space    used 570K, committed 640K, reserved 1048576K
}
Event: 0.426 GC heap after
{Heap after GC invocations=1 (full 0):
 garbage-first heap   total 129024K, used 3567K [0x0000000083a00000, 0x0000000100000000)
  region size 1024K, 3 young (3072K), 3 survivors (3072K)
 Metaspace       used 4916K, committed 5056K, reserved 1114112K
  class space    used 570K, committed 640K, reserved 1048576K
}
Event: 0.895 GC heap before
{Heap before GC invocations=1 (full 0):
 garbage-first heap   total 129024K, used 36335K [0x0000000083a00000, 0x0000000100000000)
  region size 1024K, 35 young (35840K), 3 survivors (3072K)
 Metaspace       used 10515K, committed 10816K, reserved 1114112K
  class space    used 1259K, committed 1408K, reserved 1048576K
}
Event: 0.901 GC heap after
{Heap after GC invocations=2 (full 0):
 garbage-first heap   total 129024K, used 6187K [0x0000000083a00000, 0x0000000100000000)
  region size 1024K, 3 young (3072K), 3 survivors (3072K)
 Metaspace       used 10515K, committed 10816K, reserved 1114112K
  class space    used 1259K, committed 1408K, reserved 1048576K
}

Deoptimization events (20 events):
Event: 0.858 Thread 0x0000017f543a1a60 Uncommon trap: trap_request=0xffffff45 fr.pc=0x0000017f64f90568 relative=0x0000000000000248
Event: 0.858 Thread 0x0000017f543a1a60 Uncommon trap: reason=unstable_if action=reinterpret pc=0x0000017f64f90568 method=java.lang.String.startsWith(Ljava/lang/String;I)Z @ 1 c2
Event: 0.858 Thread 0x0000017f543a1a60 DEOPT PACKING pc=0x0000017f64f90568 sp=0x00000057ba7f7a60
Event: 0.858 Thread 0x0000017f543a1a60 DEOPT UNPACKING pc=0x0000017f5d4f5c23 sp=0x00000057ba7f79c8 mode 2
Event: 0.878 Thread 0x0000017f543a1a60 Uncommon trap: trap_request=0xffffff45 fr.pc=0x0000017f6502c288 relative=0x0000000000001328
Event: 0.878 Thread 0x0000017f543a1a60 Uncommon trap: reason=unstable_if action=reinterpret pc=0x0000017f6502c288 method=jdk.internal.org.objectweb.asm.Frame.execute(IILjdk/internal/org/objectweb/asm/Symbol;Ljdk/internal/org/objectweb/asm/SymbolTable;)V @ 1 c2
Event: 0.878 Thread 0x0000017f543a1a60 DEOPT PACKING pc=0x0000017f6502c288 sp=0x00000057ba7f9620
Event: 0.879 Thread 0x0000017f543a1a60 DEOPT UNPACKING pc=0x0000017f5d4f5c23 sp=0x00000057ba7f9588 mode 2
Event: 0.891 Thread 0x0000017f543a1a60 Uncommon trap: trap_request=0xffffff45 fr.pc=0x0000017f65032b50 relative=0x0000000000000190
Event: 0.891 Thread 0x0000017f543a1a60 Uncommon trap: reason=unstable_if action=reinterpret pc=0x0000017f65032b50 method=org.eclipse.sisu.inject.InjectorBindings.isAssignableFrom(Lcom/google/inject/TypeLiteral;Lcom/google/inject/Binding;)Z @ 14 c2
Event: 0.891 Thread 0x0000017f543a1a60 DEOPT PACKING pc=0x0000017f65032b50 sp=0x00000057ba7fd830
Event: 0.891 Thread 0x0000017f543a1a60 DEOPT UNPACKING pc=0x0000017f5d4f5c23 sp=0x00000057ba7fd7d0 mode 2
Event: 0.911 Thread 0x0000017f543a1a60 Uncommon trap: trap_request=0xffffff45 fr.pc=0x0000017f64fbe5f8 relative=0x0000000000001f98
Event: 0.911 Thread 0x0000017f543a1a60 Uncommon trap: reason=unstable_if action=reinterpret pc=0x0000017f64fbe5f8 method=sun.nio.cs.StreamDecoder.implRead([CII)I @ 36 c2
Event: 0.911 Thread 0x0000017f543a1a60 DEOPT PACKING pc=0x0000017f64fbe5f8 sp=0x00000057ba7fe390
Event: 0.911 Thread 0x0000017f543a1a60 DEOPT UNPACKING pc=0x0000017f5d4f5c23 sp=0x00000057ba7fe298 mode 2
Event: 0.911 Thread 0x0000017f543a1a60 Uncommon trap: trap_request=0xffffff45 fr.pc=0x0000017f64fbae70 relative=0x0000000000000830
Event: 0.911 Thread 0x0000017f543a1a60 Uncommon trap: reason=unstable_if action=reinterpret pc=0x0000017f64fbae70 method=sun.nio.cs.StreamDecoder.implRead([CII)I @ 36 c2
Event: 0.911 Thread 0x0000017f543a1a60 DEOPT PACKING pc=0x0000017f64fbae70 sp=0x00000057ba7fe3a0
Event: 0.911 Thread 0x0000017f543a1a60 DEOPT UNPACKING pc=0x0000017f5d4f5c23 sp=0x00000057ba7fe360 mode 2

Classes loaded (20 events):
Event: 0.863 Loading class sun/security/provider/DRBG
Event: 0.863 Loading class java/security/SecureRandomSpi
Event: 0.863 Loading class java/security/SecureRandomSpi done
Event: 0.863 Loading class sun/security/provider/DRBG done
Event: 0.864 Loading class java/security/DrbgParameters$Capability
Event: 0.864 Loading class java/security/DrbgParameters$Capability done
Event: 0.864 Loading class sun/security/provider/MoreDrbgParameters
Event: 0.864 Loading class sun/security/provider/MoreDrbgParameters done
Event: 0.864 Loading class java/security/DrbgParameters
Event: 0.864 Loading class java/security/DrbgParameters done
Event: 0.864 Loading class java/security/DrbgParameters$Instantiation
Event: 0.864 Loading class java/security/DrbgParameters$Instantiation done
Event: 0.864 Loading class sun/security/provider/HashDrbg
Event: 0.865 Loading class sun/security/provider/AbstractHashDrbg
Event: 0.865 Loading class sun/security/provider/AbstractDrbg
Event: 0.865 Loading class sun/security/provider/AbstractDrbg done
Event: 0.865 Loading class sun/security/provider/AbstractHashDrbg done
Event: 0.865 Loading class sun/security/provider/HashDrbg done
Event: 0.865 Loading class sun/security/provider/EntropySource
Event: 0.865 Loading class sun/security/provider/EntropySource done

Classes unloaded (0 events):
No events

Classes redefined (0 events):
No events

Internal exceptions (20 events):
Event: 0.112 Thread 0x0000017f543a1a60 Exception <a 'java/lang/NullPointerException'{0x000000008b4dbf78}> (0x000000008b4dbf78) 
thrown [s\open\src\hotspot\share\interpreter\linkResolver.cpp, line 1350]
Event: 0.113 Thread 0x0000017f543a1a60 Exception <a 'java/lang/NullPointerException'{0x000000008b4ecb40}> (0x000000008b4ecb40) 
thrown [s\open\src\hotspot\share\interpreter\linkResolver.cpp, line 1350]
Event: 0.113 Thread 0x0000017f543a1a60 Exception <a 'java/lang/NullPointerException'{0x000000008b4ece18}> (0x000000008b4ece18) 
thrown [s\open\src\hotspot\share\interpreter\linkResolver.cpp, line 1350]
Event: 0.113 Thread 0x0000017f543a1a60 Exception <a 'java/lang/NullPointerException'{0x000000008b4ed0f0}> (0x000000008b4ed0f0) 
thrown [s\open\src\hotspot\share\interpreter\linkResolver.cpp, line 1350]
Event: 0.113 Thread 0x0000017f543a1a60 Exception <a 'java/lang/NullPointerException'{0x000000008b4ed3c8}> (0x000000008b4ed3c8) 
thrown [s\open\src\hotspot\share\interpreter\linkResolver.cpp, line 1350]
Event: 0.313 Thread 0x0000017f543a1a60 Exception <a 'java/lang/NoSuchMethodError'{0x000000008aab13c0}: 'java.lang.Object java.lang.invoke.DirectMethodHandle$Holder.newInvokeSpecial(java.lang.Object, java.lang.Object, java.lang.Object, java.lang.Object, java.lang.Object)'> (0x000000008aab13c0) 
thrown [s\open\src\hotspot\share\interpreter\linkResolver.cpp, line 759]
Event: 0.340 Thread 0x0000017f543a1a60 Exception <a 'java/lang/NoClassDefFoundError'{0x000000008a80a5b0}: javax/enterprise/inject/Typed> (0x000000008a80a5b0) 
thrown [s\open\src\hotspot\share\classfile\systemDictionary.cpp, line 244]
Event: 0.773 Thread 0x0000017f543a1a60 Exception <a 'java/lang/NoSuchMethodError'{0x0000000089bc5308}: 'void java.lang.invoke.DirectMethodHandle$Holder.invokeSpecial(java.lang.Object, java.lang.Object, java.lang.Object)'> (0x0000000089bc5308) 
thrown [s\open\src\hotspot\share\interpreter\linkResolver.cpp, line 759]
Event: 0.776 Thread 0x0000017f543a1a60 Exception <a 'java/lang/NoSuchMethodError'{0x0000000089bed798}: 'void java.lang.invoke.Invokers$Holder.invokeExact_MT(java.lang.Object, java.lang.Object, java.lang.Object, java.lang.Object)'> (0x0000000089bed798) 
thrown [s\open\src\hotspot\share\interpreter\linkResolver.cpp, line 759]
Event: 0.787 Thread 0x0000017f543a1a60 Exception <a 'java/lang/NoClassDefFoundError'{0x0000000089a799a0}: com/google/inject/servlet/ServletModuleTargetVisitor> (0x0000000089a799a0) 
thrown [s\open\src\hotspot\share\classfile\systemDictionary.cpp, line 244]
Event: 0.807 Thread 0x0000017f543a1a60 Exception <a 'java/lang/NoSuchMethodError'{0x000000008995c658}: 'java.lang.Object java.lang.invoke.DirectMethodHandle$Holder.invokeStatic(java.lang.Object, java.lang.Object, int)'> (0x000000008995c658) 
thrown [s\open\src\hotspot\share\interpreter\linkResolver.cpp, line 759]
Event: 0.808 Thread 0x0000017f543a1a60 Exception <a 'java/lang/NoSuchMethodError'{0x00000000899618e0}: 'void java.lang.invoke.DirectMethodHandle$Holder.invokeStatic(java.lang.Object, java.lang.Object, int, java.lang.Object)'> (0x00000000899618e0) 
thrown [s\open\src\hotspot\share\interpreter\linkResolver.cpp, line 759]
Event: 0.808 Thread 0x0000017f543a1a60 Exception <a 'java/lang/NoSuchMethodError'{0x0000000089969ac0}: 'void java.lang.invoke.DelegatingMethodHandle$Holder.delegate(java.lang.Object, java.lang.Object, int, java.lang.Object)'> (0x0000000089969ac0) 
thrown [s\open\src\hotspot\share\interpreter\linkResolver.cpp, line 759]
Event: 0.808 Thread 0x0000017f543a1a60 Exception <a 'java/lang/NoSuchMethodError'{0x000000008996e690}: 'int java.lang.invoke.DirectMethodHandle$Holder.invokeSpecial(java.lang.Object, java.lang.Object, java.lang.Object)'> (0x000000008996e690) 
thrown [s\open\src\hotspot\share\interpreter\linkResolver.cpp, line 759]
Event: 0.829 Thread 0x0000017f543a1a60 Exception <a 'java/lang/NoSuchMethodError'{0x00000000898b7d48}: 'java.lang.Object java.lang.invoke.DirectMethodHandle$Holder.newInvokeSpecial(java.lang.Object, java.lang.Object, java.lang.Object, java.lang.Object, java.lang.Object, java.lang.Object, java.lang.Object)'> (0x00000000898b7d48) 
thrown [s\open\src\hotspot\share\interpreter\linkResolver.cpp, line 759]
Event: 0.833 Thread 0x0000017f543a1a60 Exception <a 'java/lang/NoSuchMethodError'{0x00000000898f6508}: 'java.lang.Object java.lang.invoke.DirectMethodHandle$Holder.newInvokeSpecial(java.lang.Object, java.lang.Object, java.lang.Object, java.lang.Object, java.lang.Object, java.lang.Object, java.lang.Object, java.lang.Object, java.lang.Object)'> (0x00000000898f6508) 
thrown [s\open\src\hotspot\share\interpreter\linkResolver.cpp, line 759]
Event: 0.834 Thread 0x0000017f543a1a60 Exception <a 'java/lang/NoSuchMethodError'{0x00000000898fc818}: 'java.lang.Object java.lang.invoke.DirectMethodHandle$Holder.invokeSpecial(java.lang.Object, java.lang.Object, java.lang.Object, java.lang.Object, java.lang.Object, java.lang.Object, java.lang.Object, java.lang.Object, java.lang.Object, java.lang.Object)'> (0x00000000898fc818) 
thrown [s\open\src\hotspot\share\interpreter\linkResolver.cpp, line 759]
Event: 0.847 Thread 0x0000017f543a1a60 Exception <a 'java/lang/NoSuchMethodError'{0x00000000897ab880}: 'java.lang.Object java.lang.invoke.DirectMethodHandle$Holder.newInvokeSpecial(java.lang.Object, java.lang.Object, java.lang.Object, java.lang.Object, java.lang.Object, java.lang.Object, java.lang.Object, java.lang.Object, java.lang.Object, java.lang.Object, java.lang.Object, java.lang.Object)'> (0x00000000897ab880) 
thrown [s\open\src\hotspot\share\interpreter\linkResolver.cpp, line 759]
Event: 0.847 Thread 0x0000017f543a1a60 Exception <a 'java/lang/NoSuchMethodError'{0x00000000897b19b0}: 'java.lang.Object java.lang.invoke.DirectMethodHandle$Holder.invokeSpecial(java.lang.Object, java.lang.Object, java.lang.Object, java.lang.Object, java.lang.Object, java.lang.Object, java.lang.Object, java.lang.Object, java.lang.Object, java.lang.Object, java.lang.Object, java.lang.Object, java.lang.Object)'> (0x00000000897b19b0) 
thrown [s\open\src\hotspot\share\interpreter\linkResolver.cpp, line 759]
Event: 0.866 Thread 0x0000017f543a1a60 Exception <a 'java/lang/NoSuchMethodError'{0x0000000089666160}: 'java.lang.Object java.lang.invoke.DirectMethodHandle$Holder.invokeStaticInit(java.lang.Object, int, int, int, int)'> (0x0000000089666160) 
thrown [s\open\src\hotspot\share\interpreter\linkResolver.cpp, line 759]

VM Operations (20 events):
Event: 0.722 Executing VM operation: HandshakeAllThreads
Event: 0.722 Executing VM operation: HandshakeAllThreads done
Event: 0.723 Executing VM operation: HandshakeAllThreads
Event: 0.723 Executing VM operation: HandshakeAllThreads done
Event: 0.739 Executing VM operation: ICBufferFull
Event: 0.739 Executing VM operation: ICBufferFull done
Event: 0.772 Executing VM operation: HandshakeAllThreads
Event: 0.772 Executing VM operation: HandshakeAllThreads done
Event: 0.807 Executing VM operation: HandshakeAllThreads
Event: 0.807 Executing VM operation: HandshakeAllThreads done
Event: 0.857 Executing VM operation: HandshakeAllThreads
Event: 0.857 Executing VM operation: HandshakeAllThreads done
Event: 0.876 Executing VM operation: HandshakeAllThreads
Event: 0.876 Executing VM operation: HandshakeAllThreads done
Event: 0.883 Executing VM operation: ICBufferFull
Event: 0.883 Executing VM operation: ICBufferFull done
Event: 0.895 Executing VM operation: G1CollectForAllocation
Event: 0.901 Executing VM operation: G1CollectForAllocation done
Event: 0.912 Executing VM operation: HandshakeAllThreads
Event: 0.912 Executing VM operation: HandshakeAllThreads done

Events (20 events):
Event: 0.012 Thread 0x0000017f543a1a60 Thread added: 0x0000017f543a1a60
Event: 0.013 Thread 0x0000017f747d5be0 Thread added: 0x0000017f747d5be0
Event: 0.013 Thread 0x0000017f747d6580 Thread added: 0x0000017f747d6580
Event: 0.020 Thread 0x0000017f747f23f0 Thread added: 0x0000017f747f23f0
Event: 0.020 Thread 0x0000017f747f2ca0 Thread added: 0x0000017f747f2ca0
Event: 0.020 Thread 0x0000017f747f5650 Thread added: 0x0000017f747f5650
Event: 0.020 Thread 0x0000017f747f97b0 Thread added: 0x0000017f747f97b0
Event: 0.020 Thread 0x0000017f747fc3b0 Thread added: 0x0000017f747fc3b0
Event: 0.020 Thread 0x0000017f747fd440 Thread added: 0x0000017f747fd440
Event: 0.020 Thread 0x0000017f747fdd30 Thread added: 0x0000017f747fdd30
Event: 0.028 Thread 0x0000017f78cb8490 Thread added: 0x0000017f78cb8490
Event: 0.030 Thread 0x0000017f78cb8fd0 Thread added: 0x0000017f78cb8fd0
Event: 0.033 Loaded shared library C:\Program Files\Java\jdk-18.0.2.1\bin\net.dll
Event: 0.033 Loaded shared library C:\Program Files\Java\jdk-18.0.2.1\bin\nio.dll
Event: 0.036 Loaded shared library C:\Program Files\Java\jdk-18.0.2.1\bin\zip.dll
Event: 0.102 Loaded shared library C:\Program Files\Java\jdk-18.0.2.1\bin\jimage.dll
Event: 0.110 Loaded shared library C:\Program Files\NetBeans-13\netbeans\java\maven\lib\jansi-native\Windows\x86_64\jansi.dll
Event: 0.116 Loaded shared library C:\Program Files\Java\jdk-18.0.2.1\bin\verify.dll
Event: 0.353 Thread 0x0000017f79101590 Thread added: 0x0000017f79101590
Event: 0.354 Thread 0x0000017f79101a90 Thread added: 0x0000017f79101a90


Dynamic libraries:
0x00007ff6301d0000 - 0x00007ff6301e0000 	C:\Program Files\Java\jdk-18.0.2.1\bin\java.exe
0x00007ffb35a90000 - 0x00007ffb35ca7000 	C:\WINDOWS\SYSTEM32\ntdll.dll
0x00007ffb34b80000 - 0x00007ffb34c44000 	C:\WINDOWS\System32\KERNEL32.DLL
0x00007ffb32e10000 - 0x00007ffb331b6000 	C:\WINDOWS\System32\KERNELBASE.dll
0x00007ffb334f0000 - 0x00007ffb33601000 	C:\WINDOWS\System32\ucrtbase.dll
0x00007ffb24bc0000 - 0x00007ffb24bda000 	C:\Program Files\Java\jdk-18.0.2.1\bin\VCRUNTIME140.dll
0x00007ffb29870000 - 0x00007ffb29888000 	C:\Program Files\Java\jdk-18.0.2.1\bin\jli.dll
0x00007ffb347f0000 - 0x00007ffb348a0000 	C:\WINDOWS\System32\ADVAPI32.dll
0x00007ffb34e00000 - 0x00007ffb34ea7000 	C:\WINDOWS\System32\msvcrt.dll
0x00007ffb35760000 - 0x00007ffb35806000 	C:\WINDOWS\System32\sechost.dll
0x00007ffb348a0000 - 0x00007ffb349b7000 	C:\WINDOWS\System32\RPCRT4.dll
0x00007ffb35810000 - 0x00007ffb359bd000 	C:\WINDOWS\System32\USER32.dll
0x00007ffb334c0000 - 0x00007ffb334e6000 	C:\WINDOWS\System32\win32u.dll
0x00007ffb1d8d0000 - 0x00007ffb1db63000 	C:\WINDOWS\WinSxS\amd64_microsoft.windows.common-controls_6595b64144ccf1df_6.0.22621.2361_none_2712ced57382f843\COMCTL32.dll
0x00007ffb35620000 - 0x00007ffb35649000 	C:\WINDOWS\System32\GDI32.dll
0x00007ffb333a0000 - 0x00007ffb334b8000 	C:\WINDOWS\System32\gdi32full.dll
0x00007ffb331c0000 - 0x00007ffb3325a000 	C:\WINDOWS\System32\msvcp_win.dll
0x00007ffb28380000 - 0x00007ffb2838a000 	C:\WINDOWS\SYSTEM32\VERSION.dll
0x00007ffb34eb0000 - 0x00007ffb34ee1000 	C:\WINDOWS\System32\IMM32.DLL
0x00007ffb297d0000 - 0x00007ffb297dc000 	C:\Program Files\Java\jdk-18.0.2.1\bin\vcruntime140_1.dll
0x00007ffae8300000 - 0x00007ffae838d000 	C:\Program Files\Java\jdk-18.0.2.1\bin\msvcp140.dll
0x00007ffadaaf0000 - 0x00007ffadb701000 	C:\Program Files\Java\jdk-18.0.2.1\bin\server\jvm.dll
0x00007ffb35650000 - 0x00007ffb35658000 	C:\WINDOWS\System32\PSAPI.DLL
0x00007ffb29750000 - 0x00007ffb29784000 	C:\WINDOWS\SYSTEM32\WINMM.dll
0x00007ffb13a90000 - 0x00007ffb13a99000 	C:\WINDOWS\SYSTEM32\WSOCK32.dll
0x00007ffb34fa0000 - 0x00007ffb35011000 	C:\WINDOWS\System32\WS2_32.dll
0x00007ffb31e60000 - 0x00007ffb31e78000 	C:\WINDOWS\SYSTEM32\kernel.appcore.dll
0x00007ffb25050000 - 0x00007ffb2505a000 	C:\Program Files\Java\jdk-18.0.2.1\bin\jimage.dll
0x00007ffb302c0000 - 0x00007ffb304ee000 	C:\WINDOWS\SYSTEM32\DBGHELP.DLL
0x00007ffb343e0000 - 0x00007ffb3476a000 	C:\WINDOWS\System32\combase.dll
0x00007ffb34d20000 - 0x00007ffb34df7000 	C:\WINDOWS\System32\OLEAUT32.dll
0x00007ffb1b540000 - 0x00007ffb1b572000 	C:\WINDOWS\SYSTEM32\dbgcore.DLL
0x00007ffb33320000 - 0x00007ffb3339a000 	C:\WINDOWS\System32\bcryptPrimitives.dll
0x00007ffb21e30000 - 0x00007ffb21e55000 	C:\Program Files\Java\jdk-18.0.2.1\bin\java.dll
0x00007ffae6740000 - 0x00007ffae6816000 	C:\Program Files\Java\jdk-18.0.2.1\bin\jsvml.dll
0x00007ffb337f0000 - 0x00007ffb34048000 	C:\WINDOWS\System32\SHELL32.dll
0x00007ffb30d30000 - 0x00007ffb31622000 	C:\WINDOWS\SYSTEM32\windows.storage.dll
0x00007ffb30bf0000 - 0x00007ffb30d2e000 	C:\WINDOWS\SYSTEM32\wintypes.dll
0x00007ffb34140000 - 0x00007ffb34233000 	C:\WINDOWS\System32\SHCORE.dll
0x00007ffb340e0000 - 0x00007ffb3413e000 	C:\WINDOWS\System32\shlwapi.dll
0x00007ffb32d40000 - 0x00007ffb32d66000 	C:\WINDOWS\SYSTEM32\profapi.dll
0x00007ffb20c00000 - 0x00007ffb20c13000 	C:\Program Files\Java\jdk-18.0.2.1\bin\net.dll
0x00007ffb2a010000 - 0x00007ffb2a147000 	C:\WINDOWS\SYSTEM32\WINHTTP.dll
0x00007ffb32380000 - 0x00007ffb323e9000 	C:\WINDOWS\system32\mswsock.dll
0x00007ffb20be0000 - 0x00007ffb20bf6000 	C:\Program Files\Java\jdk-18.0.2.1\bin\nio.dll
0x00007ffb20bc0000 - 0x00007ffb20bd8000 	C:\Program Files\Java\jdk-18.0.2.1\bin\zip.dll
0x0000000069ac0000 - 0x0000000069ae4000 	C:\Program Files\NetBeans-13\netbeans\java\maven\lib\jansi-native\Windows\x86_64\jansi.dll
0x00007ffb23540000 - 0x00007ffb23550000 	C:\Program Files\Java\jdk-18.0.2.1\bin\verify.dll

dbghelp: loaded successfully - version: 4.0.5 - missing functions: none
symbol engine: initialized successfully - sym options: 0x614 - pdb path: .;C:\Program Files\Java\jdk-18.0.2.1\bin;C:\WINDOWS\SYSTEM32;C:\WINDOWS\WinSxS\amd64_microsoft.windows.common-controls_6595b64144ccf1df_6.0.22621.2361_none_2712ced57382f843;C:\Program Files\Java\jdk-18.0.2.1\bin\server;C:\Program Files\NetBeans-13\netbeans\java\maven\lib\jansi-native\Windows\x86_64

VM Arguments:
jvm_args: -Dclassworlds.conf=C:\Program Files\NetBeans-13\netbeans\java\maven\bin\m2.conf -Dmaven.home=C:\Program Files\NetBeans-13\netbeans\java\maven -Dlibrary.jansi.path=C:\Program Files\NetBeans-13\netbeans\java\maven\lib\jansi-native -Dmaven.multiModuleProjectDirectory=C:\Users\ADMIN\OneDrive\Documents\NetBeansProjects\Doca_Quang 
java_command: org.codehaus.plexus.classworlds.launcher.Launcher -Dnetbeans.deploy=true -Dexec.vmArgs= -Dexec.appArgs= -Dmaven.ext.class.path=C:\Program Files\NetBeans-13\netbeans\java\maven-nblib\netbeans-eventspy.jar package
java_class_path (initial): C:\Program Files\NetBeans-13\netbeans\java\maven\boot\plexus-classworlds-2.6.0.jar
Launcher Type: SUN_STANDARD

[Global flags]
     intx CICompilerCount                          = 4                                         {product} {ergonomic}
     uint ConcGCThreads                            = 3                                         {product} {ergonomic}
     uint G1ConcRefinementThreads                  = 10                                        {product} {ergonomic}
   size_t G1HeapRegionSize                         = 1048576                                   {product} {ergonomic}
    uintx GCDrainStackTargetSize                   = 64                                        {product} {ergonomic}
   size_t InitialHeapSize                          = 132120576                                 {product} {ergonomic}
   size_t MarkStackSize                            = 4194304                                   {product} {ergonomic}
   size_t MaxHeapSize                              = 2086666240                                {product} {ergonomic}
   size_t MaxNewSize                               = 1251999744                                {product} {ergonomic}
   size_t MinHeapDeltaBytes                        = 1048576                                   {product} {ergonomic}
   size_t MinHeapSize                              = 8388608                                   {product} {ergonomic}
    uintx NonNMethodCodeHeapSize                   = 5839372                                {pd product} {ergonomic}
    uintx NonProfiledCodeHeapSize                  = 122909434                              {pd product} {ergonomic}
    uintx ProfiledCodeHeapSize                     = 122909434                              {pd product} {ergonomic}
    uintx ReservedCodeCacheSize                    = 251658240                              {pd product} {ergonomic}
     bool SegmentedCodeCache                       = true                                      {product} {ergonomic}
   size_t SoftMaxHeapSize                          = 2086666240                             {manageable} {ergonomic}
     bool UseCompressedClassPointers               = true                           {product lp64_product} {ergonomic}
     bool UseCompressedOops                        = true                           {product lp64_product} {ergonomic}
     bool UseG1GC                                  = true                                      {product} {ergonomic}
     bool UseLargePagesIndividualAllocation        = false                                  {pd product} {ergonomic}

Logging:
Log output configuration:
 #0: stdout all=warning uptime,level,tags foldmultilines=false
 #1: stderr all=off uptime,level,tags foldmultilines=false

Environment Variables:
JAVA_HOME=C:\Program Files\Java\jdk-18.0.2.1
CLASSPATH=.;C:\Program Files\Java\jdk1.8.0\lib;C:\Program Files\Java\jdk1.8.0\jre\lib
PATH=C:\Program Files\Common Files\Oracle\Java\javapath;C:\Windows\system32;C:\Windows;C:\Windows\System32\Wbem;C:\Windows\System32\WindowsPowerShell\v1.0\;C:\Windows\System32\OpenSSH\;C:\Program Files (x86)\NVIDIA Corporation\PhysX\Common;C:\Program Files\NVIDIA Corporation\NVIDIA NvDLISR;C:\Program Files (x86)\Microsoft SQL Server\160\Tools\Binn\;C:\Program Files\Microsoft SQL Server\160\Tools\Binn\;C:\Program Files\Microsoft SQL Server\Client SDK\ODBC\170\Tools\Binn\;C:\Program Files\Microsoft SQL Server\160\DTS\Binn\;C:\Program Files\Azure Data Studio\bin;C:\WINDOWS\system32;C:\WINDOWS;C:\WINDOWS\System32\Wbem;C:\WINDOWS\System32\WindowsPowerShell\v1.0\;C:\WINDOWS\System32\OpenSSH\;C:\Program Files (x86)\dotnet\;C:\Program Files\Java\jdk1.8.0\bin;C:\Program Files (x86)\Microsoft SQL Server\160\DTS\Binn\;C:\Program Files\Git\cmd;C:\Program Files (x86)\apache-maven-3.9.4\bin;C:\Program Files (x86)\apache-maven-3.9.4\bin;C:\Program Files\Java\jdk-18.0.2.1\bin;C:\Program Files\Java\jdk-18.0.2.1\bin;C:\Program Files\Apache Software Foundation\apache-tomcat-10.1.14\bin;%NVM_HOME%;%NVM_SYMLINK%;C:\Users\ADMIN\AppData\Local\Microsoft\WindowsApps;C:\Program Files\Azure Data Studio\bin;C:\Users\ADMIN\AppData\Local\Programs\Microsoft VS Code\bin;C:\Users\ADMIN\AppData\Roaming\nvm;C:\Program Files\nodejs
USERNAME=ADMIN
OS=Windows_NT
PROCESSOR_IDENTIFIER=Intel64 Family 6 Model 141 Stepping 1, GenuineIntel



---------------  S Y S T E M  ---------------

OS:
 Windows 11 , 64 bit Build 22621 (10.0.22621.2428)
OS uptime: 12 days 6:12 hours
Hyper-V role detected

CPU: total 12 (initial active 12) (6 cores per cpu, 2 threads per core) family 6 model 141 stepping 1 microcode 0x3c, cx8, cmov, fxsr, ht, mmx, 3dnowpref, sse, sse2, sse3, ssse3, sse4.1, sse4.2, popcnt, lzcnt, tsc, tscinvbit, avx, avx2, aes, erms, clmul, bmi1, bmi2, adx, avx512f, avx512dq, avx512cd, avx512bw, avx512vl, sha, fma, vzeroupper, avx512_vpopcntdq, avx512_vpclmulqdq, avx512_vaes, avx512_vnni, clflush, clflushopt, clwb, avx512_vbmi2, avx512_vbmi, hv

Memory: 4k page, system-wide physical 7955M (573M free)
TotalPageFile size 16147M (AvailPageFile size 5M)
current process WorkingSet (physical memory assigned to process): 105M, peak: 105M
current process commit charge ("private bytes"): 240M, peak: 240M

vm_info: Java HotSpot(TM) 64-Bit Server VM (18.0.2.1+1-1) for windows-amd64 JRE (18.0.2.1+1-1), built on Aug 16 2022 01:46:33 by "mach5one" with MS VC++ 16.8 / 16.9 (VS2019)

END.
